<?xml version="1.0" encoding="UTF-8"?>
<!-- Generated by org.testng.reporters.JUnitReportReporter -->
<testsuite hostname="LAPTOP-IUAM5CBC" failures="0" tests="5" name="tasts.NestedFremesTest" time="4.510" errors="0" timestamp="2025-04-25T13:54:58 IST" skipped="0">
  <testcase classname="tasts.NestedFremesTest" name="clickonCloseTest" time="0.197"/>
  <system-out/>
  <testcase classname="tasts.NestedFremesTest" name="clickonPracticeTest" time="2.974"/>
  <system-out/>
  <testcase classname="tasts.NestedFremesTest" name="clickonAllertWindowTest" time="0.176"/>
  <system-out/>
  <testcase classname="tasts.NestedFremesTest" name="clickOnNestedFrameTest" time="0.230"/>
  <system-out/>
  <testcase classname="tasts.NestedFremesTest" name="printParentTest" time="0.933"/>
  <system-out/>
</testsuite> <!-- tasts.NestedFremesTest -->
